<?xml version="1.0" encoding="UTF-8"?>
<!-- Generated by org.testng.reporters.JUnitReportReporter -->
<testsuite hostname="LAPTOP-FNLION4H" failures="0" tests="1" name="testCases.SearchProducts" time="25.610" errors="0" timestamp="2024-10-04T07:36:30 IST" skipped="0">
  <testcase classname="testCases.SearchProducts" name="verifySortOrder" time="25.610"/>
</testsuite> <!-- testCases.SearchProducts -->
